2014/11/09 16:09:03 [error] [php] Use of undefined constant php - assumed 'php' (/var/www/UEFM/protected/views/layouts/column1.php:4)
Stack trace:
#0 /var/www/yii/framework/web/CController.php(784): SiteController->renderFile()
#1 /var/www/UEFM/protected/controllers/SiteController.php(32): SiteController->render()
#2 /var/www/yii/framework/web/actions/CInlineAction.php(49): SiteController->actionIndex()
#3 /var/www/yii/framework/web/CController.php(308): CInlineAction->runWithParams()
#4 /var/www/yii/framework/web/CController.php(286): SiteController->runAction()
#5 /var/www/yii/framework/web/CController.php(265): SiteController->runActionWithFilters()
#6 /var/www/yii/framework/web/CWebApplication.php(282): SiteController->run()
#7 /var/www/yii/framework/web/CWebApplication.php(141): CWebApplication->runController()
#8 /var/www/yii/framework/base/CApplication.php(180): CWebApplication->processRequest()
#9 /var/www/UEFM/index.php(13): CWebApplication->run()
REQUEST_URI=/UEFM/
in /var/www/UEFM/protected/views/layouts/column1.php (4)
in /var/www/UEFM/protected/controllers/SiteController.php (32)
in /var/www/UEFM/index.php (13)
2014/11/09 16:18:25 [error] [exception.CHttpException.404] exception 'CHttpException' with message 'No es posible resolver la solicitud "usuario/index"' in /var/www/yii/framework/web/CWebApplication.php:286
Stack trace:
#0 /var/www/yii/framework/web/CWebApplication.php(141): CWebApplication->runController('usuario/index')
#1 /var/www/yii/framework/base/CApplication.php(180): CWebApplication->processRequest()
#2 /var/www/UEFM/index.php(13): CApplication->run()
#3 {main}
REQUEST_URI=/UEFM/index.php?r=usuario/index
HTTP_REFERER=http://localhost/UEFM/index.php?r=site/index
---
2014/11/09 16:21:19 [error] [exception.CException] exception 'CException' with message 'El alias "bootstrap.widgets.TbNavbar" es inválido. Asegúrese de que apunta a un directorio o archivo existente.' in /var/www/yii/framework/YiiBase.php:347
Stack trace:
#0 /var/www/yii/framework/web/CWidgetFactory.php(146): YiiBase::import('bootstrap.widge...', true)
#1 /var/www/yii/framework/web/CBaseController.php(146): CWidgetFactory->createWidget(Object(SiteController), 'bootstrap.widge...', Array)
#2 /var/www/yii/framework/web/CBaseController.php(172): CBaseController->createWidget('bootstrap.widge...', Array)
#3 /var/www/UEFM/protected/views/layouts/main.php(36): CBaseController->widget('bootstrap.widge...', Array)
#4 /var/www/yii/framework/web/CBaseController.php(126): require('/var/www/UEFM/p...')
#5 /var/www/yii/framework/web/CBaseController.php(95): CBaseController->renderInternal('/var/www/UEFM/p...', Array, true)
#6 /var/www/yii/framework/web/widgets/CContentDecorator.php(76): CBaseController->renderFile('/var/www/UEFM/p...', Array, true)
#7 /var/www/yii/framework/web/widgets/CContentDecorator.php(54): CContentDecorator->decorate('<div id="conten...')
#8 /var/www/yii/framework/web/widgets/COutputProcessor.php(44): CContentDecorator->processOutput('<div id="conten...')
#9 /var/www/yii/framework/web/CBaseController.php(206): COutputProcessor->run()
#10 /var/www/yii/framework/web/CBaseController.php(300): CBaseController->endWidget('CContentDecorat...')
#11 /var/www/UEFM/protected/views/layouts/column1.php(6): CBaseController->endContent()
#12 /var/www/yii/framework/web/CBaseController.php(126): require('/var/www/UEFM/p...')
#13 /var/www/yii/framework/web/CBaseController.php(95): CBaseController->renderInternal('/var/www/UEFM/p...', Array, true)
#14 /var/www/yii/framework/web/CController.php(784): CBaseController->renderFile('/var/www/UEFM/p...', Array, true)
#15 /var/www/UEFM/protected/controllers/SiteController.php(32): CController->render('index')
#16 /var/www/yii/framework/web/actions/CInlineAction.php(49): SiteController->actionIndex()
#17 /var/www/yii/framework/web/CController.php(308): CInlineAction->runWithParams(Array)
#18 /var/www/yii/framework/web/CController.php(286): CController->runAction(Object(CInlineAction))
#19 /var/www/yii/framework/web/CController.php(265): CController->runActionWithFilters(Object(CInlineAction), Array)
#20 /var/www/yii/framework/web/CWebApplication.php(282): CController->run('index')
#21 /var/www/yii/framework/web/CWebApplication.php(141): CWebApplication->runController('site/index')
#22 /var/www/yii/framework/base/CApplication.php(180): CWebApplication->processRequest()
#23 /var/www/UEFM/index.php(13): CApplication->run()
#24 {main}
REQUEST_URI=/UEFM/index.php?r=site/index
HTTP_REFERER=http://localhost/UEFM/index.php?r=usuario/index
---
2014/11/09 17:45:18 [error] [php] Undefined offset: 0 (/var/www/yii/framework/zii/widgets/CMenu.php:311)
Stack trace:
#0 /var/www/yii/framework/web/CBaseController.php(147): CMenu->init()
#1 /var/www/yii/framework/web/CBaseController.php(172): SiteController->createWidget()
#2 /var/www/UEFM/protected/views/layouts/main.php(24): SiteController->widget()
#3 /var/www/yii/framework/web/CBaseController.php(126): require()
#4 /var/www/yii/framework/web/CBaseController.php(95): SiteController->renderInternal()
#5 /var/www/yii/framework/web/widgets/CContentDecorator.php(76): SiteController->renderFile()
#6 /var/www/yii/framework/web/widgets/CContentDecorator.php(54): CContentDecorator->decorate()
#7 /var/www/yii/framework/web/widgets/COutputProcessor.php(44): CContentDecorator->processOutput()
#8 /var/www/yii/framework/web/CBaseController.php(206): CContentDecorator->run()
#9 /var/www/yii/framework/web/CBaseController.php(300): SiteController->endWidget()
#10 /var/www/UEFM/protected/views/layouts/column1.php(6): SiteController->endContent()
#11 /var/www/yii/framework/web/CBaseController.php(126): require()
#12 /var/www/yii/framework/web/CBaseController.php(95): SiteController->renderInternal()
#13 /var/www/yii/framework/web/CController.php(784): SiteController->renderFile()
#14 /var/www/UEFM/protected/controllers/SiteController.php(32): SiteController->render()
#15 /var/www/yii/framework/web/actions/CInlineAction.php(49): SiteController->actionIndex()
#16 /var/www/yii/framework/web/CController.php(308): CInlineAction->runWithParams()
#17 /var/www/yii/framework/web/CController.php(286): SiteController->runAction()
#18 /var/www/yii/framework/web/CController.php(265): SiteController->runActionWithFilters()
#19 /var/www/yii/framework/web/CWebApplication.php(282): SiteController->run()
#20 /var/www/yii/framework/web/CWebApplication.php(141): CWebApplication->runController()
#21 /var/www/yii/framework/base/CApplication.php(180): CWebApplication->processRequest()
#22 /var/www/UEFM/index.php(13): CWebApplication->run()
REQUEST_URI=/UEFM/index.php?r=site/index
in /var/www/UEFM/protected/views/layouts/main.php (24)
in /var/www/UEFM/protected/views/layouts/column1.php (6)
in /var/www/UEFM/protected/controllers/SiteController.php (32)
2014/11/09 17:52:59 [error] [php] Illegal string offset 'label' (/var/www/yii/framework/zii/widgets/CMenu.php:271)
Stack trace:
#0 /var/www/yii/framework/web/CBaseController.php(147): CMenu->init()
#1 /var/www/yii/framework/web/CBaseController.php(172): SiteController->createWidget()
#2 /var/www/UEFM/protected/views/layouts/main.php(20): SiteController->widget()
#3 /var/www/yii/framework/web/CBaseController.php(126): require()
#4 /var/www/yii/framework/web/CBaseController.php(95): SiteController->renderInternal()
#5 /var/www/yii/framework/web/widgets/CContentDecorator.php(76): SiteController->renderFile()
#6 /var/www/yii/framework/web/widgets/CContentDecorator.php(54): CContentDecorator->decorate()
#7 /var/www/yii/framework/web/widgets/COutputProcessor.php(44): CContentDecorator->processOutput()
#8 /var/www/yii/framework/web/CBaseController.php(206): CContentDecorator->run()
#9 /var/www/yii/framework/web/CBaseController.php(300): SiteController->endWidget()
#10 /var/www/UEFM/protected/views/layouts/column1.php(6): SiteController->endContent()
#11 /var/www/yii/framework/web/CBaseController.php(126): require()
#12 /var/www/yii/framework/web/CBaseController.php(95): SiteController->renderInternal()
#13 /var/www/yii/framework/web/CController.php(784): SiteController->renderFile()
#14 /var/www/UEFM/protected/controllers/SiteController.php(32): SiteController->render()
#15 /var/www/yii/framework/web/actions/CInlineAction.php(49): SiteController->actionIndex()
#16 /var/www/yii/framework/web/CController.php(308): CInlineAction->runWithParams()
#17 /var/www/yii/framework/web/CController.php(286): SiteController->runAction()
#18 /var/www/yii/framework/web/CController.php(265): SiteController->runActionWithFilters()
#19 /var/www/yii/framework/web/CWebApplication.php(282): SiteController->run()
#20 /var/www/yii/framework/web/CWebApplication.php(141): CWebApplication->runController()
#21 /var/www/yii/framework/base/CApplication.php(180): CWebApplication->processRequest()
#22 /var/www/UEFM/index.php(13): CWebApplication->run()
REQUEST_URI=/UEFM/index.php?r=site/index
in /var/www/UEFM/protected/views/layouts/main.php (20)
in /var/www/UEFM/protected/views/layouts/column1.php (6)
in /var/www/UEFM/protected/controllers/SiteController.php (32)
2014/11/09 17:54:16 [error] [php] Illegal string offset 'label' (/var/www/yii/framework/zii/widgets/CMenu.php:271)
Stack trace:
#0 /var/www/yii/framework/web/CBaseController.php(147): CMenu->init()
#1 /var/www/yii/framework/web/CBaseController.php(172): SiteController->createWidget()
#2 /var/www/UEFM/protected/views/layouts/main.php(20): SiteController->widget()
#3 /var/www/yii/framework/web/CBaseController.php(126): require()
#4 /var/www/yii/framework/web/CBaseController.php(95): SiteController->renderInternal()
#5 /var/www/yii/framework/web/widgets/CContentDecorator.php(76): SiteController->renderFile()
#6 /var/www/yii/framework/web/widgets/CContentDecorator.php(54): CContentDecorator->decorate()
#7 /var/www/yii/framework/web/widgets/COutputProcessor.php(44): CContentDecorator->processOutput()
#8 /var/www/yii/framework/web/CBaseController.php(206): CContentDecorator->run()
#9 /var/www/yii/framework/web/CBaseController.php(300): SiteController->endWidget()
#10 /var/www/UEFM/protected/views/layouts/column1.php(6): SiteController->endContent()
#11 /var/www/yii/framework/web/CBaseController.php(126): require()
#12 /var/www/yii/framework/web/CBaseController.php(95): SiteController->renderInternal()
#13 /var/www/yii/framework/web/CController.php(784): SiteController->renderFile()
#14 /var/www/UEFM/protected/controllers/SiteController.php(32): SiteController->render()
#15 /var/www/yii/framework/web/actions/CInlineAction.php(49): SiteController->actionIndex()
#16 /var/www/yii/framework/web/CController.php(308): CInlineAction->runWithParams()
#17 /var/www/yii/framework/web/CController.php(286): SiteController->runAction()
#18 /var/www/yii/framework/web/CController.php(265): SiteController->runActionWithFilters()
#19 /var/www/yii/framework/web/CWebApplication.php(282): SiteController->run()
#20 /var/www/yii/framework/web/CWebApplication.php(141): CWebApplication->runController()
#21 /var/www/yii/framework/base/CApplication.php(180): CWebApplication->processRequest()
#22 /var/www/UEFM/index.php(13): CWebApplication->run()
REQUEST_URI=/UEFM/index.php?r=site/index
in /var/www/UEFM/protected/views/layouts/main.php (20)
in /var/www/UEFM/protected/views/layouts/column1.php (6)
in /var/www/UEFM/protected/controllers/SiteController.php (32)
2014/11/09 17:54:17 [error] [php] Illegal string offset 'label' (/var/www/yii/framework/zii/widgets/CMenu.php:271)
Stack trace:
#0 /var/www/yii/framework/web/CBaseController.php(147): CMenu->init()
#1 /var/www/yii/framework/web/CBaseController.php(172): SiteController->createWidget()
#2 /var/www/UEFM/protected/views/layouts/main.php(20): SiteController->widget()
#3 /var/www/yii/framework/web/CBaseController.php(126): require()
#4 /var/www/yii/framework/web/CBaseController.php(95): SiteController->renderInternal()
#5 /var/www/yii/framework/web/widgets/CContentDecorator.php(76): SiteController->renderFile()
#6 /var/www/yii/framework/web/widgets/CContentDecorator.php(54): CContentDecorator->decorate()
#7 /var/www/yii/framework/web/widgets/COutputProcessor.php(44): CContentDecorator->processOutput()
#8 /var/www/yii/framework/web/CBaseController.php(206): CContentDecorator->run()
#9 /var/www/yii/framework/web/CBaseController.php(300): SiteController->endWidget()
#10 /var/www/UEFM/protected/views/layouts/column1.php(6): SiteController->endContent()
#11 /var/www/yii/framework/web/CBaseController.php(126): require()
#12 /var/www/yii/framework/web/CBaseController.php(95): SiteController->renderInternal()
#13 /var/www/yii/framework/web/CController.php(784): SiteController->renderFile()
#14 /var/www/UEFM/protected/controllers/SiteController.php(32): SiteController->render()
#15 /var/www/yii/framework/web/actions/CInlineAction.php(49): SiteController->actionIndex()
#16 /var/www/yii/framework/web/CController.php(308): CInlineAction->runWithParams()
#17 /var/www/yii/framework/web/CController.php(286): SiteController->runAction()
#18 /var/www/yii/framework/web/CController.php(265): SiteController->runActionWithFilters()
#19 /var/www/yii/framework/web/CWebApplication.php(282): SiteController->run()
#20 /var/www/yii/framework/web/CWebApplication.php(141): CWebApplication->runController()
#21 /var/www/yii/framework/base/CApplication.php(180): CWebApplication->processRequest()
#22 /var/www/UEFM/index.php(13): CWebApplication->run()
REQUEST_URI=/UEFM/index.php?r=site/index
in /var/www/UEFM/protected/views/layouts/main.php (20)
in /var/www/UEFM/protected/views/layouts/column1.php (6)
in /var/www/UEFM/protected/controllers/SiteController.php (32)
2014/11/09 17:54:17 [error] [php] Illegal string offset 'label' (/var/www/yii/framework/zii/widgets/CMenu.php:271)
Stack trace:
#0 /var/www/yii/framework/web/CBaseController.php(147): CMenu->init()
#1 /var/www/yii/framework/web/CBaseController.php(172): SiteController->createWidget()
#2 /var/www/UEFM/protected/views/layouts/main.php(20): SiteController->widget()
#3 /var/www/yii/framework/web/CBaseController.php(126): require()
#4 /var/www/yii/framework/web/CBaseController.php(95): SiteController->renderInternal()
#5 /var/www/yii/framework/web/widgets/CContentDecorator.php(76): SiteController->renderFile()
#6 /var/www/yii/framework/web/widgets/CContentDecorator.php(54): CContentDecorator->decorate()
#7 /var/www/yii/framework/web/widgets/COutputProcessor.php(44): CContentDecorator->processOutput()
#8 /var/www/yii/framework/web/CBaseController.php(206): CContentDecorator->run()
#9 /var/www/yii/framework/web/CBaseController.php(300): SiteController->endWidget()
#10 /var/www/UEFM/protected/views/layouts/column1.php(6): SiteController->endContent()
#11 /var/www/yii/framework/web/CBaseController.php(126): require()
#12 /var/www/yii/framework/web/CBaseController.php(95): SiteController->renderInternal()
#13 /var/www/yii/framework/web/CController.php(784): SiteController->renderFile()
#14 /var/www/UEFM/protected/controllers/SiteController.php(32): SiteController->render()
#15 /var/www/yii/framework/web/actions/CInlineAction.php(49): SiteController->actionIndex()
#16 /var/www/yii/framework/web/CController.php(308): CInlineAction->runWithParams()
#17 /var/www/yii/framework/web/CController.php(286): SiteController->runAction()
#18 /var/www/yii/framework/web/CController.php(265): SiteController->runActionWithFilters()
#19 /var/www/yii/framework/web/CWebApplication.php(282): SiteController->run()
#20 /var/www/yii/framework/web/CWebApplication.php(141): CWebApplication->runController()
#21 /var/www/yii/framework/base/CApplication.php(180): CWebApplication->processRequest()
#22 /var/www/UEFM/index.php(13): CWebApplication->run()
REQUEST_URI=/UEFM/index.php?r=site/index
in /var/www/UEFM/protected/views/layouts/main.php (20)
in /var/www/UEFM/protected/views/layouts/column1.php (6)
in /var/www/UEFM/protected/controllers/SiteController.php (32)
2014/11/09 17:54:18 [error] [php] Illegal string offset 'label' (/var/www/yii/framework/zii/widgets/CMenu.php:271)
Stack trace:
#0 /var/www/yii/framework/web/CBaseController.php(147): CMenu->init()
#1 /var/www/yii/framework/web/CBaseController.php(172): SiteController->createWidget()
#2 /var/www/UEFM/protected/views/layouts/main.php(20): SiteController->widget()
#3 /var/www/yii/framework/web/CBaseController.php(126): require()
#4 /var/www/yii/framework/web/CBaseController.php(95): SiteController->renderInternal()
#5 /var/www/yii/framework/web/widgets/CContentDecorator.php(76): SiteController->renderFile()
#6 /var/www/yii/framework/web/widgets/CContentDecorator.php(54): CContentDecorator->decorate()
#7 /var/www/yii/framework/web/widgets/COutputProcessor.php(44): CContentDecorator->processOutput()
#8 /var/www/yii/framework/web/CBaseController.php(206): CContentDecorator->run()
#9 /var/www/yii/framework/web/CBaseController.php(300): SiteController->endWidget()
#10 /var/www/UEFM/protected/views/layouts/column1.php(6): SiteController->endContent()
#11 /var/www/yii/framework/web/CBaseController.php(126): require()
#12 /var/www/yii/framework/web/CBaseController.php(95): SiteController->renderInternal()
#13 /var/www/yii/framework/web/CController.php(784): SiteController->renderFile()
#14 /var/www/UEFM/protected/controllers/SiteController.php(32): SiteController->render()
#15 /var/www/yii/framework/web/actions/CInlineAction.php(49): SiteController->actionIndex()
#16 /var/www/yii/framework/web/CController.php(308): CInlineAction->runWithParams()
#17 /var/www/yii/framework/web/CController.php(286): SiteController->runAction()
#18 /var/www/yii/framework/web/CController.php(265): SiteController->runActionWithFilters()
#19 /var/www/yii/framework/web/CWebApplication.php(282): SiteController->run()
#20 /var/www/yii/framework/web/CWebApplication.php(141): CWebApplication->runController()
#21 /var/www/yii/framework/base/CApplication.php(180): CWebApplication->processRequest()
#22 /var/www/UEFM/index.php(13): CWebApplication->run()
REQUEST_URI=/UEFM/index.php?r=site/index
in /var/www/UEFM/protected/views/layouts/main.php (20)
in /var/www/UEFM/protected/views/layouts/column1.php (6)
in /var/www/UEFM/protected/controllers/SiteController.php (32)
2014/11/09 17:54:18 [error] [php] Illegal string offset 'label' (/var/www/yii/framework/zii/widgets/CMenu.php:271)
Stack trace:
#0 /var/www/yii/framework/web/CBaseController.php(147): CMenu->init()
#1 /var/www/yii/framework/web/CBaseController.php(172): SiteController->createWidget()
#2 /var/www/UEFM/protected/views/layouts/main.php(20): SiteController->widget()
#3 /var/www/yii/framework/web/CBaseController.php(126): require()
#4 /var/www/yii/framework/web/CBaseController.php(95): SiteController->renderInternal()
#5 /var/www/yii/framework/web/widgets/CContentDecorator.php(76): SiteController->renderFile()
#6 /var/www/yii/framework/web/widgets/CContentDecorator.php(54): CContentDecorator->decorate()
#7 /var/www/yii/framework/web/widgets/COutputProcessor.php(44): CContentDecorator->processOutput()
#8 /var/www/yii/framework/web/CBaseController.php(206): CContentDecorator->run()
#9 /var/www/yii/framework/web/CBaseController.php(300): SiteController->endWidget()
#10 /var/www/UEFM/protected/views/layouts/column1.php(6): SiteController->endContent()
#11 /var/www/yii/framework/web/CBaseController.php(126): require()
#12 /var/www/yii/framework/web/CBaseController.php(95): SiteController->renderInternal()
#13 /var/www/yii/framework/web/CController.php(784): SiteController->renderFile()
#14 /var/www/UEFM/protected/controllers/SiteController.php(32): SiteController->render()
#15 /var/www/yii/framework/web/actions/CInlineAction.php(49): SiteController->actionIndex()
#16 /var/www/yii/framework/web/CController.php(308): CInlineAction->runWithParams()
#17 /var/www/yii/framework/web/CController.php(286): SiteController->runAction()
#18 /var/www/yii/framework/web/CController.php(265): SiteController->runActionWithFilters()
#19 /var/www/yii/framework/web/CWebApplication.php(282): SiteController->run()
#20 /var/www/yii/framework/web/CWebApplication.php(141): CWebApplication->runController()
#21 /var/www/yii/framework/base/CApplication.php(180): CWebApplication->processRequest()
#22 /var/www/UEFM/index.php(13): CWebApplication->run()
REQUEST_URI=/UEFM/index.php?r=site/index
in /var/www/UEFM/protected/views/layouts/main.php (20)
in /var/www/UEFM/protected/views/layouts/column1.php (6)
in /var/www/UEFM/protected/controllers/SiteController.php (32)
2014/11/09 19:32:14 [error] [exception.CException] exception 'CException' with message 'El alias "bootstrap.widgets.TbNavbar" es inválido. Asegúrese de que apunta a un directorio o archivo existente.' in /var/www/yii/framework/YiiBase.php:347
Stack trace:
#0 /var/www/yii/framework/web/CWidgetFactory.php(146): YiiBase::import('bootstrap.widge...', true)
#1 /var/www/yii/framework/web/CBaseController.php(146): CWidgetFactory->createWidget(Object(UsuarioController), 'bootstrap.widge...', Array)
#2 /var/www/yii/framework/web/CBaseController.php(172): CBaseController->createWidget('bootstrap.widge...', Array)
#3 /var/www/UEFM/protected/views/layouts/column2.php(15): CBaseController->widget('bootstrap.widge...', Array)
#4 /var/www/yii/framework/web/CBaseController.php(126): require('/var/www/UEFM/p...')
#5 /var/www/yii/framework/web/CBaseController.php(95): CBaseController->renderInternal('/var/www/UEFM/p...', Array, true)
#6 /var/www/yii/framework/web/CController.php(784): CBaseController->renderFile('/var/www/UEFM/p...', Array, true)
#7 /var/www/UEFM/protected/controllers/UsuarioController.php(128): CController->render('index', Array)
#8 /var/www/yii/framework/web/actions/CInlineAction.php(49): UsuarioController->actionIndex()
#9 /var/www/yii/framework/web/CController.php(308): CInlineAction->runWithParams(Array)
#10 /var/www/yii/framework/web/filters/CFilterChain.php(133): CController->runAction(Object(CInlineAction))
#11 /var/www/yii/framework/web/filters/CFilter.php(40): CFilterChain->run()
#12 /var/www/yii/framework/web/CController.php(1145): CFilter->filter(Object(CFilterChain))
#13 /var/www/yii/framework/web/filters/CInlineFilter.php(58): CController->filterAccessControl(Object(CFilterChain))
#14 /var/www/yii/framework/web/filters/CFilterChain.php(130): CInlineFilter->filter(Object(CFilterChain))
#15 /var/www/yii/framework/web/CController.php(291): CFilterChain->run()
#16 /var/www/yii/framework/web/CController.php(265): CController->runActionWithFilters(Object(CInlineAction), Array)
#17 /var/www/yii/framework/web/CWebApplication.php(282): CController->run('')
#18 /var/www/yii/framework/web/CWebApplication.php(141): CWebApplication->runController('usuario')
#19 /var/www/yii/framework/base/CApplication.php(180): CWebApplication->processRequest()
#20 /var/www/UEFM/index.php(13): CApplication->run()
#21 {main}
REQUEST_URI=/UEFM/index.php?r=usuario
---
